D:\OPENGL-FEB-2015\ME\SPIRAL AND ESCAPE\SPIRAL AND ESCAPE\DEBUG\BIRD_PHYSIC.OBJ
D:\OPENGL-FEB-2015\ME\SPIRAL AND ESCAPE\SPIRAL AND ESCAPE\DEBUG\ENVIRONMENT.OBJ
D:\OPENGL-FEB-2015\ME\SPIRAL AND ESCAPE\SPIRAL AND ESCAPE\DEBUG\MAIN.OBJ
D:\OPENGL-FEB-2015\ME\SPIRAL AND ESCAPE\SPIRAL AND ESCAPE\DEBUG\MATRIXSTACK.OBJ
D:\OPENGL-FEB-2015\ME\SPIRAL AND ESCAPE\SPIRAL AND ESCAPE\DEBUG\POWER.OBJ
D:\OPENGL-FEB-2015\ME\SPIRAL AND ESCAPE\SPIRAL AND ESCAPE\DEBUG\SHAPE.OBJ
D:\OPENGL-FEB-2015\ME\SPIRAL AND ESCAPE\SPIRAL AND ESCAPE\DEBUG\VERTEXDATA.OBJ
D:\OPENGL-FEB-2015\ME\SPIRAL AND ESCAPE\SPIRAL AND ESCAPE\DEBUG\VC110.PDB
D:\OPENGL-FEB-2015\ME\SPIRAL AND ESCAPE\DEBUG\SPIRAL AND ESCAPE.ILK
D:\OPENGL-FEB-2015\ME\SPIRAL AND ESCAPE\DEBUG\SPIRAL AND ESCAPE.EXE
D:\OPENGL-FEB-2015\ME\SPIRAL AND ESCAPE\DEBUG\SPIRAL AND ESCAPE.PDB
D:\OpenGL-Feb-2015\ME\Spiral And Escape\Spiral And Escape\Debug\Bird_physic.obj
D:\OpenGL-Feb-2015\ME\Spiral And Escape\Spiral And Escape\Debug\Environment.obj
D:\OpenGL-Feb-2015\ME\Spiral And Escape\Spiral And Escape\Debug\main.obj
D:\OpenGL-Feb-2015\ME\Spiral And Escape\Spiral And Escape\Debug\MatrixStack.obj
D:\OpenGL-Feb-2015\ME\Spiral And Escape\Spiral And Escape\Debug\Power.obj
D:\OpenGL-Feb-2015\ME\Spiral And Escape\Spiral And Escape\Debug\Shape.obj
D:\OpenGL-Feb-2015\ME\Spiral And Escape\Spiral And Escape\Debug\VertexData.obj
D:\OpenGL-Feb-2015\ME\Spiral And Escape\Spiral And Escape\Debug\cl.command.1.tlog
D:\OpenGL-Feb-2015\ME\Spiral And Escape\Spiral And Escape\Debug\CL.read.1.tlog
D:\OpenGL-Feb-2015\ME\Spiral And Escape\Spiral And Escape\Debug\CL.write.1.tlog
D:\OpenGL-Feb-2015\ME\Spiral And Escape\Spiral And Escape\Debug\link-cvtres.read.1.tlog
D:\OpenGL-Feb-2015\ME\Spiral And Escape\Spiral And Escape\Debug\link-cvtres.write.1.tlog
D:\OpenGL-Feb-2015\ME\Spiral And Escape\Spiral And Escape\Debug\link-rc.read.1.tlog
D:\OpenGL-Feb-2015\ME\Spiral And Escape\Spiral And Escape\Debug\link-rc.write.1.tlog
D:\OpenGL-Feb-2015\ME\Spiral And Escape\Spiral And Escape\Debug\link.command.1.tlog
D:\OpenGL-Feb-2015\ME\Spiral And Escape\Spiral And Escape\Debug\link.read.1.tlog
D:\OpenGL-Feb-2015\ME\Spiral And Escape\Spiral And Escape\Debug\link.write.1.tlog
D:\OpenGL-Feb-2015\ME\Spiral And Escape\Spiral And Escape\Debug\vc110.idb
D:\OpenGL-Feb-2015\ME\Spiral And Escape\Spiral And Escape\Debug\vc110.pdb
D:\OpenGL-Feb-2015\ME\Spiral And Escape\Debug\Spiral And Escape.pdb
D:\OpenGL-Feb-2015\ME\Spiral And Escape\Debug\Spiral And Escape.exe
D:\OpenGL-Feb-2015\ME\Spiral And Escape\Debug\Spiral And Escape.ilk
